<?xml version="1.0" encoding="UTF-8"?>
<!-- Generated by org.testng.reporters.JUnitReportReporter -->
<testsuite hostname="Asus" failures="0" tests="2" name="org.example.GmailLoginTest" time="22.783" errors="0" timestamp="2023-04-07T10:56:54 IST" skipped="0">
  <testcase classname="org.example.GmailLoginTest" name="getTitleFromPage" time="11.439"/>
  <system-out/>
  <testcase classname="org.example.GmailLoginTest" name="getTitleFromPage" time="11.344"/>
  <system-out/>
</testsuite> <!-- org.example.GmailLoginTest -->
